TN:
SF:./src/comboBoxController.js
FN:4,comboBoxController
FN:10,(anonymous_2)
FN:17,setInputFromModel
FN:30,setModelFromInput
FN:40,(anonymous_5)
FN:46,isAnOption
FNF:6
FNH:6
FNDA:17,comboBoxController
FNDA:33,(anonymous_2)
FNDA:36,setInputFromModel
FNDA:9,setModelFromInput
FNDA:2,(anonymous_5)
FNDA:31,isAnOption
DA:1,1
DA:4,1
DA:5,17
DA:6,17
DA:7,4
DA:10,17
DA:11,33
DA:12,33
DA:13,32
DA:17,1
DA:18,36
DA:19,36
DA:20,13
DA:21,13
DA:22,23
DA:23,8
DA:25,15
DA:26,15
DA:30,1
DA:31,9
DA:32,9
DA:33,1
DA:34,1
DA:35,8
DA:36,2
DA:37,2
DA:39,6
DA:40,6
DA:41,2
DA:46,1
DA:47,31
LF:31
LH:31
BRDA:6,1,0,4
BRDA:6,1,1,13
BRDA:12,2,0,32
BRDA:12,2,1,1
BRDA:19,3,0,13
BRDA:19,3,1,23
BRDA:22,4,0,8
BRDA:22,4,1,15
BRDA:32,5,0,1
BRDA:32,5,1,8
BRDA:35,6,0,2
BRDA:35,6,1,6
BRF:12
BRH:12
end_of_record
TN:
SF:./src/comboBoxDirective.js
FN:2,(anonymous_1)
FN:14,(anonymous_2)
FNF:2
FNH:2
FNDA:17,(anonymous_1)
FNDA:17,(anonymous_2)
DA:1,1
DA:3,17
DA:15,17
DA:16,16
DA:18,17
DA:19,13
LF:6
LH:6
BRDA:15,1,0,16
BRDA:15,1,1,1
BRDA:18,2,0,13
BRDA:18,2,1,4
BRF:4
BRH:4
end_of_record
TN:
SF:./src/comboBoxModule.js
FNF:0
FNH:0
DA:1,1
LF:1
LH:1
BRF:0
BRH:0
end_of_record
